[2023-04-03T08:27:10.270450+00:00] 1343705.INFO: Import is starting...
[2023-04-03T08:27:10.270697+00:00] 1343705.INFO: Processed: 0/0, Skipped: 0
[2023-04-03T08:27:10.725517+00:00] 1343705.INFO: Validating file headers...
[2023-04-03T08:27:10.725555+00:00] 1343705.INFO: Processed: 0/120000, Skipped: 0
[2023-04-03T08:27:10.725577+00:00] 1343705.INFO: Loading records from file...
[2023-04-03T08:27:10.725585+00:00] 1343705.INFO: Processed: 0/120000, Skipped: 0
[2023-04-03T08:27:32.550849+00:00] 1343705.INFO: Inserting contacts to database...
[2023-04-03T08:27:32.550901+00:00] 1343705.INFO: Processed: 992/120000, Skipped: 0
[2023-04-03T08:27:38.253431+00:00] 1343733.INFO: Import is starting...
[2023-04-03T08:27:38.253480+00:00] 1343733.INFO: Processed: 0/0, Skipped: 0
[2023-04-03T08:27:38.738189+00:00] 1343733.INFO: Validating file headers...
[2023-04-03T08:27:38.738219+00:00] 1343733.INFO: Processed: 0/120000, Skipped: 0
[2023-04-03T08:27:38.738247+00:00] 1343733.INFO: Loading records from file...
[2023-04-03T08:27:38.738257+00:00] 1343733.INFO: Processed: 0/120000, Skipped: 0
[2023-04-03T08:27:54.325971+00:00] 1343733.INFO: Inserting contacts to database...
[2023-04-03T08:27:54.326020+00:00] 1343733.INFO: Processed: 992/120000, Skipped: 0
[2023-04-03T08:29:18.648096+00:00] 1343913.INFO: Import is starting...
[2023-04-03T08:29:18.648161+00:00] 1343913.INFO: Processed: 0/0, Skipped: 0
[2023-04-03T08:29:19.175889+00:00] 1343913.INFO: Validating file headers...
[2023-04-03T08:29:19.175924+00:00] 1343913.INFO: Processed: 0/120000, Skipped: 0
[2023-04-03T08:29:19.175984+00:00] 1343913.INFO: Loading records from file...
[2023-04-03T08:29:19.176000+00:00] 1343913.INFO: Processed: 0/120000, Skipped: 0
[2023-04-03T08:29:25.113121+00:00] 1343913.INFO: Inserting contacts to database...
[2023-04-03T08:29:25.113171+00:00] 1343913.INFO: Processed: 99/120000, Skipped: 0
[2023-04-03T08:32:15.339202+00:00] 1344143.INFO: Import is starting...
[2023-04-03T08:32:15.339244+00:00] 1344143.INFO: Processed: 0/0, Skipped: 0
[2023-04-03T08:32:15.801376+00:00] 1344143.INFO: Validating file headers...
[2023-04-03T08:32:15.801405+00:00] 1344143.INFO: Processed: 0/120000, Skipped: 0
[2023-04-03T08:32:15.801429+00:00] 1344143.INFO: Loading records from file...
[2023-04-03T08:32:15.801438+00:00] 1344143.INFO: Processed: 0/120000, Skipped: 0
[2023-04-03T08:32:15.801598+00:00] 1344143.INFO: count(): Argument #1 ($value) must be of type Countable|array, League\Csv\MapIterator given
[2023-04-03T08:32:15.801609+00:00] 1344143.INFO: Processed: 0/120000, Skipped: 0
[2023-04-03T08:52:41.218409+00:00] 1344143.INFO: count(): Argument #1 ($value) must be of type Countable|array, League\Csv\MapIterator given
[2023-04-03T08:52:41.218455+00:00] 1344143.INFO: Processed: 0/120000, Skipped: 0
